2018-01-29 12:06:17,233  INFO ApplicationConfig:48 - Starting ApplicationConfig on wk_0 with PID 6492 (D:\fcj\zdgk\login\target\classes started by Administrator in D:\fcj\zdgk\login)
2018-01-29 12:06:17,237  INFO ApplicationConfig:593 - No active profile set, falling back to default profiles: default
2018-01-29 12:06:17,650  INFO AnnotationConfigEmbeddedWebApplicationContext:583 - Refreshing org.springframework.boot.context.embedded.AnnotationConfigEmbeddedWebApplicationContext@23260f2f: startup date [Mon Jan 29 12:06:17 CST 2018]; root of context hierarchy
2018-01-29 12:06:17,933  INFO Version:30 - HV000001: Hibernate Validator 5.3.5.Final
2018-01-29 12:06:21,177  INFO PostProcessorRegistrationDelegate$BeanPostProcessorChecker:325 - Bean 'org.springframework.transaction.annotation.ProxyTransactionManagementConfiguration' of type [org.springframework.transaction.annotation.ProxyTransactionManagementConfiguration$$EnhancerBySpringCGLIB$$1ce9e977] is not eligible for getting processed by all BeanPostProcessors (for example: not eligible for auto-proxying)
2018-01-29 12:06:21,432  INFO PostProcessorRegistrationDelegate$BeanPostProcessorChecker:325 - Bean 'org.springframework.cache.annotation.ProxyCachingConfiguration' of type [org.springframework.cache.annotation.ProxyCachingConfiguration$$EnhancerBySpringCGLIB$$65fc1f95] is not eligible for getting processed by all BeanPostProcessors (for example: not eligible for auto-proxying)
2018-01-29 12:06:21,471  INFO PostProcessorRegistrationDelegate$BeanPostProcessorChecker:325 - Bean 'org.springframework.boot.autoconfigure.cache.CacheAutoConfiguration' of type [org.springframework.boot.autoconfigure.cache.CacheAutoConfiguration$$EnhancerBySpringCGLIB$$5a6fe439] is not eligible for getting processed by all BeanPostProcessors (for example: not eligible for auto-proxying)
2018-01-29 12:06:21,512  INFO PostProcessorRegistrationDelegate$BeanPostProcessorChecker:325 - Bean 'spring.cache-org.springframework.boot.autoconfigure.cache.CacheProperties' of type [org.springframework.boot.autoconfigure.cache.CacheProperties] is not eligible for getting processed by all BeanPostProcessors (for example: not eligible for auto-proxying)
2018-01-29 12:06:21,543  INFO PostProcessorRegistrationDelegate$BeanPostProcessorChecker:325 - Bean 'cacheManagerCustomizers' of type [org.springframework.boot.autoconfigure.cache.CacheManagerCustomizers] is not eligible for getting processed by all BeanPostProcessors (for example: not eligible for auto-proxying)
2018-01-29 12:06:21,550  INFO PostProcessorRegistrationDelegate$BeanPostProcessorChecker:325 - Bean 'org.springframework.boot.autoconfigure.cache.SimpleCacheConfiguration' of type [org.springframework.boot.autoconfigure.cache.SimpleCacheConfiguration$$EnhancerBySpringCGLIB$$fc0b571a] is not eligible for getting processed by all BeanPostProcessors (for example: not eligible for auto-proxying)
2018-01-29 12:06:21,572  INFO PostProcessorRegistrationDelegate$BeanPostProcessorChecker:325 - Bean 'cacheManager' of type [org.springframework.cache.concurrent.ConcurrentMapCacheManager] is not eligible for getting processed by all BeanPostProcessors (for example: not eligible for auto-proxying)
2018-01-29 12:06:21,577  INFO PostProcessorRegistrationDelegate$BeanPostProcessorChecker:325 - Bean 'cacheAutoConfigurationValidator' of type [org.springframework.boot.autoconfigure.cache.CacheAutoConfiguration$CacheManagerValidator] is not eligible for getting processed by all BeanPostProcessors (for example: not eligible for auto-proxying)
2018-01-29 12:06:21,632  INFO PostProcessorRegistrationDelegate$BeanPostProcessorChecker:325 - Bean 'applicationConfig' of type [com.mjl.onestep.ApplicationConfig$$EnhancerBySpringCGLIB$$7813c186] is not eligible for getting processed by all BeanPostProcessors (for example: not eligible for auto-proxying)
2018-01-29 12:06:21,996  INFO PostProcessorRegistrationDelegate$BeanPostProcessorChecker:325 - Bean 'socketIOServer' of type [com.corundumstudio.socketio.SocketIOServer] is not eligible for getting processed by all BeanPostProcessors (for example: not eligible for auto-proxying)
2018-01-29 12:06:22,998  INFO TomcatEmbeddedServletContainer:89 - Tomcat initialized with port(s): 80 (http)
2018-01-29 12:06:23,354  INFO ContextLoader:276 - Root WebApplicationContext: initialization completed in 5708 ms
2018-01-29 12:06:23,708  INFO ServletRegistrationBean:190 - Mapping servlet: 'dispatcherServlet' to [/]
2018-01-29 12:06:23,719  INFO FilterRegistrationBean:258 - Mapping filter: 'characterEncodingFilter' to: [/*]
2018-01-29 12:06:28,806  INFO LocalContainerEntityManagerFactoryBean:349 - Building JPA container EntityManagerFactory for persistence unit 'default'
2018-01-29 12:06:28,916  INFO LogHelper:31 - HHH000204: Processing PersistenceUnitInfo [
	name: default
	...]
2018-01-29 12:06:29,074  INFO Version:37 - HHH000412: Hibernate Core {5.0.12.Final}
2018-01-29 12:06:29,077  INFO Environment:213 - HHH000206: hibernate.properties not found
2018-01-29 12:06:29,080  INFO Environment:317 - HHH000021: Bytecode provider name : javassist
2018-01-29 12:06:29,164  INFO Version:66 - HCANN000001: Hibernate Commons Annotations {5.0.1.Final}
2018-01-29 12:06:29,417  INFO Dialect:156 - HHH000400: Using dialect: org.hibernate.dialect.MySQL5Dialect
2018-01-29 12:06:30,303  INFO SchemaValidator:69 - HHH000229: Running schema validator
2018-01-29 12:06:43,269  INFO QueryTranslatorFactoryInitiator:47 - HHH000397: Using ASTQueryTranslatorFactory
2018-01-29 12:06:43,480  INFO LocalContainerEntityManagerFactoryBean:379 - Initialized JPA EntityManagerFactory for persistence unit 'default'
2018-01-29 12:06:46,823  INFO SpringAnnotationScanner:54 - messageEventHandler bean listeners added
2018-01-29 12:06:47,680  INFO RequestMappingHandlerMapping:543 - Mapped "{[/api/channel/list],methods=[POST]}" onto public com.mjl.onestep.common.utils.AjaxJson com.mjl.onestep.api.os.channel.ChannelController.list(java.lang.Long)
2018-01-29 12:06:47,682  INFO RequestMappingHandlerMapping:543 - Mapped "{[/api/channel/add],methods=[POST]}" onto public com.mjl.onestep.common.utils.AjaxJson com.mjl.onestep.api.os.channel.ChannelController.childrenMenu(java.lang.Long,java.lang.Long,java.lang.String,java.lang.String,java.lang.Integer,java.lang.String)
2018-01-29 12:06:47,683  INFO RequestMappingHandlerMapping:543 - Mapped "{[/api/channel/edit],methods=[POST]}" onto public com.mjl.onestep.common.utils.AjaxJson com.mjl.onestep.api.os.channel.ChannelController.editStation(java.lang.Long,java.lang.Long,java.lang.String,java.lang.String,java.lang.Integer,java.lang.String)
2018-01-29 12:06:47,684  INFO RequestMappingHandlerMapping:543 - Mapped "{[/api/channel/del],methods=[POST]}" onto public com.mjl.onestep.common.utils.AjaxJson com.mjl.onestep.api.os.channel.ChannelController.delStation(java.lang.Long)
2018-01-29 12:06:47,689  INFO RequestMappingHandlerMapping:543 - Mapped "{[/api/content/add],methods=[POST]}" onto public com.mjl.onestep.common.utils.AjaxJson com.mjl.onestep.api.os.content.ContentController.add(java.lang.Long,java.lang.Long,java.lang.String,java.lang.String,java.lang.String)
2018-01-29 12:06:47,690  INFO RequestMappingHandlerMapping:543 - Mapped "{[/api/content/edit],methods=[POST]}" onto public com.mjl.onestep.common.utils.AjaxJson com.mjl.onestep.api.os.content.ContentController.editStation(java.lang.Long,java.lang.String,java.lang.String)
2018-01-29 12:06:47,690  INFO RequestMappingHandlerMapping:543 - Mapped "{[/api/content/del],methods=[POST]}" onto public com.mjl.onestep.common.utils.AjaxJson com.mjl.onestep.api.os.content.ContentController.delStation(java.lang.Long)
2018-01-29 12:06:47,691  INFO RequestMappingHandlerMapping:543 - Mapped "{[/api/content/addImage],methods=[POST]}" onto public com.mjl.onestep.common.utils.AjaxJson com.mjl.onestep.api.os.content.ContentController.addImage(org.springframework.web.multipart.MultipartFile,java.lang.Long,java.lang.Long,java.lang.String,java.lang.String)
2018-01-29 12:06:47,692  INFO RequestMappingHandlerMapping:543 - Mapped "{[/api/content/getOneContent],methods=[POST]}" onto public com.mjl.onestep.common.utils.AjaxJson com.mjl.onestep.api.os.content.ContentController.getOneContent(java.lang.Long,java.lang.Long,java.lang.String)
2018-01-29 12:06:47,696  INFO RequestMappingHandlerMapping:543 - Mapped "{[/api/sign/list],methods=[POST]}" onto public com.mjl.onestep.common.utils.AjaxJson com.mjl.onestep.api.os.sign.SignController.list(java.lang.Integer,java.lang.Integer)
2018-01-29 12:06:47,697  INFO RequestMappingHandlerMapping:543 - Mapped "{[/api/sign/add],methods=[POST]}" onto public com.mjl.onestep.common.utils.AjaxJson com.mjl.onestep.api.os.sign.SignController.childrenMenu(java.lang.String,java.lang.String,java.lang.Integer)
2018-01-29 12:06:47,700  INFO RequestMappingHandlerMapping:543 - Mapped "{[/api/sign/edit],methods=[POST]}" onto public com.mjl.onestep.common.utils.AjaxJson com.mjl.onestep.api.os.sign.SignController.editStation(java.lang.Long,java.lang.String,java.lang.String,java.lang.Integer)
2018-01-29 12:06:47,701  INFO RequestMappingHandlerMapping:543 - Mapped "{[/api/sign/del],methods=[POST]}" onto public com.mjl.onestep.common.utils.AjaxJson com.mjl.onestep.api.os.sign.SignController.delStation(java.lang.Long)
2018-01-29 12:06:47,709  INFO RequestMappingHandlerMapping:543 - Mapped "{[/api/station/add],methods=[POST]}" onto public com.mjl.onestep.common.utils.AjaxJson com.mjl.onestep.api.os.station.StationController.add(java.lang.String,java.lang.String,java.lang.Long)
2018-01-29 12:06:47,710  INFO RequestMappingHandlerMapping:543 - Mapped "{[/api/station/list],methods=[POST]}" onto public com.mjl.onestep.common.utils.AjaxJson com.mjl.onestep.api.os.station.StationController.list(javax.servlet.http.HttpServletRequest,java.lang.Integer,java.lang.Integer)
2018-01-29 12:06:47,711  INFO RequestMappingHandlerMapping:543 - Mapped "{[/api/station/edit],methods=[POST]}" onto public com.mjl.onestep.common.utils.AjaxJson com.mjl.onestep.api.os.station.StationController.edit(java.lang.Long,java.lang.String)
2018-01-29 12:06:47,711  INFO RequestMappingHandlerMapping:543 - Mapped "{[/api/station/del],methods=[POST]}" onto public com.mjl.onestep.common.utils.AjaxJson com.mjl.onestep.api.os.station.StationController.del(java.lang.Long)
2018-01-29 12:06:47,712  INFO RequestMappingHandlerMapping:543 - Mapped "{[/api/station/saveTemplateId],methods=[POST]}" onto public com.mjl.onestep.common.utils.AjaxJson com.mjl.onestep.api.os.station.StationController.saveTemplateId(java.lang.Long,java.lang.Long)
2018-01-29 12:06:47,724  INFO RequestMappingHandlerMapping:543 - Mapped "{[/api/template/add],methods=[POST]}" onto public com.mjl.onestep.common.utils.AjaxJson com.mjl.onestep.api.os.template.TemplateController.add(java.lang.String,java.lang.String,java.lang.String,java.lang.Integer,org.springframework.web.multipart.MultipartFile)
2018-01-29 12:06:47,726  INFO RequestMappingHandlerMapping:543 - Mapped "{[/api/template/list],methods=[POST]}" onto public com.mjl.onestep.common.utils.AjaxJson com.mjl.onestep.api.os.template.TemplateController.list(java.lang.Integer,java.lang.Integer,java.lang.Integer)
2018-01-29 12:06:47,728  INFO RequestMappingHandlerMapping:543 - Mapped "{[/api/template/del],methods=[POST]}" onto public com.mjl.onestep.common.utils.AjaxJson com.mjl.onestep.api.os.template.TemplateController.delStation(java.lang.Long)
2018-01-29 12:06:47,731  INFO RequestMappingHandlerMapping:543 - Mapped "{[/api/template/edit],methods=[POST]}" onto public com.mjl.onestep.common.utils.AjaxJson com.mjl.onestep.api.os.template.TemplateController.edit(java.lang.Long,java.lang.String,java.lang.String,java.lang.String,java.lang.Integer)
2018-01-29 12:06:47,735  INFO RequestMappingHandlerMapping:543 - Mapped "{[/api/template/editStatus],methods=[POST]}" onto public com.mjl.onestep.common.utils.AjaxJson com.mjl.onestep.api.os.template.TemplateController.editStatus(java.lang.Long,java.lang.Integer)
2018-01-29 12:06:47,737  INFO RequestMappingHandlerMapping:543 - Mapped "{[/api/template/editPic],methods=[POST]}" onto public com.mjl.onestep.common.utils.AjaxJson com.mjl.onestep.api.os.template.TemplateController.editPic(java.lang.Long,org.springframework.web.multipart.MultipartFile)
2018-01-29 12:06:47,743  INFO RequestMappingHandlerMapping:543 - Mapped "{[/api/dict/add],methods=[POST]}" onto public com.mjl.onestep.common.utils.AjaxJson com.mjl.onestep.api.sys.dict.DictController.childrenMenu(java.lang.String,java.lang.String,java.lang.Integer,java.lang.Integer)
2018-01-29 12:06:47,746  INFO RequestMappingHandlerMapping:543 - Mapped "{[/api/dict/edit],methods=[POST]}" onto public com.mjl.onestep.common.utils.AjaxJson com.mjl.onestep.api.sys.dict.DictController.editStation(java.lang.Long,java.lang.String,java.lang.Integer,java.lang.Integer)
2018-01-29 12:06:47,749  INFO RequestMappingHandlerMapping:543 - Mapped "{[/api/dict/del],methods=[POST]}" onto public com.mjl.onestep.common.utils.AjaxJson com.mjl.onestep.api.sys.dict.DictController.delStation(java.lang.Long)
2018-01-29 12:06:47,751  INFO RequestMappingHandlerMapping:543 - Mapped "{[/api/dict/list],methods=[POST]}" onto public com.mjl.onestep.common.utils.AjaxJson com.mjl.onestep.api.sys.dict.DictController.mainMenu(java.lang.Integer,java.lang.Integer)
2018-01-29 12:06:47,755  INFO RequestMappingHandlerMapping:543 - Mapped "{[/api/log/list],methods=[POST]}" onto public com.mjl.onestep.common.utils.AjaxJson com.mjl.onestep.api.sys.log.LogController.list(java.lang.Integer,java.lang.Integer,java.lang.String,java.lang.String,java.lang.String,java.lang.String)
2018-01-29 12:06:47,757  INFO RequestMappingHandlerMapping:543 - Mapped "{[/api/log/getLogIpData],methods=[POST]}" onto public com.mjl.onestep.common.utils.AjaxJson com.mjl.onestep.api.sys.log.LogController.getLogIpData()
2018-01-29 12:06:47,766  INFO RequestMappingHandlerMapping:543 - Mapped "{[/api/register],methods=[POST]}" onto public com.mjl.onestep.common.utils.AjaxJson com.mjl.onestep.api.sys.login.LoginController.register(java.lang.String,java.lang.String,java.lang.String)
2018-01-29 12:06:47,768  INFO RequestMappingHandlerMapping:543 - Mapped "{[/api/checkToken],methods=[POST]}" onto public com.mjl.onestep.common.utils.AjaxJson com.mjl.onestep.api.sys.login.LoginController.checkToken()
2018-01-29 12:06:47,772  INFO RequestMappingHandlerMapping:543 - Mapped "{[/api/login],methods=[POST]}" onto public com.mjl.onestep.common.utils.AjaxJson com.mjl.onestep.api.sys.login.LoginController.login(java.lang.String,java.lang.String)
2018-01-29 12:06:47,774  INFO RequestMappingHandlerMapping:543 - Mapped "{[/api/getSmsCode],methods=[POST]}" onto public com.mjl.onestep.common.utils.AjaxJson com.mjl.onestep.api.sys.login.LoginController.getSmsCode(java.lang.String)
2018-01-29 12:06:47,776  INFO RequestMappingHandlerMapping:543 - Mapped "{[/api/loginOut],methods=[POST]}" onto public com.mjl.onestep.common.utils.AjaxJson com.mjl.onestep.api.sys.login.LoginController.loginOut()
2018-01-29 12:06:47,787  INFO RequestMappingHandlerMapping:543 - Mapped "{[/api/menu/add],methods=[POST]}" onto public com.mjl.onestep.common.utils.AjaxJson com.mjl.onestep.api.sys.menu.MenuController.add(java.lang.Long,java.lang.String,java.lang.String,java.lang.Integer,java.lang.String,java.lang.Integer,java.lang.String)
2018-01-29 12:06:47,789  INFO RequestMappingHandlerMapping:543 - Mapped "{[/api/menu/childrenMenu],methods=[POST]}" onto public com.mjl.onestep.common.utils.AjaxJson com.mjl.onestep.api.sys.menu.MenuController.childrenMenu(java.lang.Long)
2018-01-29 12:06:47,792  INFO RequestMappingHandlerMapping:543 - Mapped "{[/api/menu/edit],methods=[POST]}" onto public com.mjl.onestep.common.utils.AjaxJson com.mjl.onestep.api.sys.menu.MenuController.edit(java.lang.Long,java.lang.String,java.lang.String,java.lang.Integer,java.lang.String,java.lang.Integer,java.lang.String)
2018-01-29 12:06:47,794  INFO RequestMappingHandlerMapping:543 - Mapped "{[/api/menu/del],methods=[POST]}" onto public com.mjl.onestep.common.utils.AjaxJson com.mjl.onestep.api.sys.menu.MenuController.del(java.lang.Long)
2018-01-29 12:06:47,800  INFO RequestMappingHandlerMapping:543 - Mapped "{[/api/menu/allChildrenMenu],methods=[POST]}" onto public com.mjl.onestep.common.utils.AjaxJson com.mjl.onestep.api.sys.menu.MenuController.allChildrenMenu(java.lang.Long)
2018-01-29 12:06:47,804  INFO RequestMappingHandlerMapping:543 - Mapped "{[/api/menu/getUserMainMenu],methods=[POST]}" onto public com.mjl.onestep.common.utils.AjaxJson com.mjl.onestep.api.sys.menu.MenuController.getUserMainMenu()
2018-01-29 12:06:47,806  INFO RequestMappingHandlerMapping:543 - Mapped "{[/api/menu/getUserchildrenMenu],methods=[POST]}" onto public com.mjl.onestep.common.utils.AjaxJson com.mjl.onestep.api.sys.menu.MenuController.getUserchildrenMenu(java.lang.Long)
2018-01-29 12:06:47,808  INFO RequestMappingHandlerMapping:543 - Mapped "{[/api/menu/mainMenu],methods=[POST]}" onto public com.mjl.onestep.common.utils.AjaxJson com.mjl.onestep.api.sys.menu.MenuController.mainMenu()
2018-01-29 12:06:47,810  INFO RequestMappingHandlerMapping:543 - Mapped "{[/api/menu/allMainMenu],methods=[POST]}" onto public com.mjl.onestep.common.utils.AjaxJson com.mjl.onestep.api.sys.menu.MenuController.allMainMenu()
2018-01-29 12:06:47,817  INFO RequestMappingHandlerMapping:543 - Mapped "{[/api/role/add],methods=[POST]}" onto public com.mjl.onestep.common.utils.AjaxJson com.mjl.onestep.api.sys.role.RoleController.add(java.lang.String)
2018-01-29 12:06:47,819  INFO RequestMappingHandlerMapping:543 - Mapped "{[/api/role/list],methods=[POST]}" onto public com.mjl.onestep.common.utils.AjaxJson com.mjl.onestep.api.sys.role.RoleController.list(java.lang.Integer,java.lang.Integer)
2018-01-29 12:06:47,821  INFO RequestMappingHandlerMapping:543 - Mapped "{[/api/role/getMenuByroleId],methods=[POST]}" onto public com.mjl.onestep.common.utils.AjaxJson com.mjl.onestep.api.sys.role.RoleController.edit(java.lang.Long)
2018-01-29 12:06:47,822  INFO RequestMappingHandlerMapping:543 - Mapped "{[/api/role/edit],methods=[POST]}" onto public com.mjl.onestep.common.utils.AjaxJson com.mjl.onestep.api.sys.role.RoleController.edit(java.lang.Long,java.lang.String)
2018-01-29 12:06:47,824  INFO RequestMappingHandlerMapping:543 - Mapped "{[/api/role/del],methods=[POST]}" onto public com.mjl.onestep.common.utils.AjaxJson com.mjl.onestep.api.sys.role.RoleController.del(java.lang.Long)
2018-01-29 12:06:47,826  INFO RequestMappingHandlerMapping:543 - Mapped "{[/api/role/UpdateRole],methods=[POST]}" onto public com.mjl.onestep.common.utils.AjaxJson com.mjl.onestep.api.sys.role.RoleController.updateRole(java.lang.Long,java.lang.String)
2018-01-29 12:06:47,831  INFO RequestMappingHandlerMapping:543 - Mapped "{[/api/user/edit],methods=[POST]}" onto public com.mjl.onestep.common.utils.AjaxJson com.mjl.onestep.api.sys.user.UserController.editStation(java.lang.Long,java.lang.Long)
2018-01-29 12:06:47,833  INFO RequestMappingHandlerMapping:543 - Mapped "{[/api/user/del],methods=[POST]}" onto public com.mjl.onestep.common.utils.AjaxJson com.mjl.onestep.api.sys.user.UserController.delStation(java.lang.Long)
2018-01-29 12:06:47,835  INFO RequestMappingHandlerMapping:543 - Mapped "{[/api/user/list],methods=[POST]}" onto public com.mjl.onestep.common.utils.AjaxJson com.mjl.onestep.api.sys.user.UserController.mainMenu(java.lang.Integer,java.lang.Integer)
2018-01-29 12:06:47,840  INFO RequestMappingHandlerMapping:543 - Mapped "{[/editStation]}" onto public java.lang.String com.mjl.onestep.view.EditStationController.editStation(javax.servlet.http.HttpServletRequest,org.springframework.ui.Model)
2018-01-29 12:06:47,841  INFO RequestMappingHandlerMapping:543 - Mapped "{[/yellowmoon]}" onto public java.lang.String com.mjl.onestep.view.EditStationController.yellowmoon()
2018-01-29 12:06:47,847  INFO RequestMappingHandlerMapping:543 - Mapped "{[/api/content/list],methods=[POST]}" onto public com.mjl.onestep.common.utils.AjaxJson com.mjl.onestep.view.IndexController.list(java.lang.Long,java.lang.Long)
2018-01-29 12:06:47,849  INFO RequestMappingHandlerMapping:543 - Mapped "{[/],methods=[GET]}" onto public java.lang.String com.mjl.onestep.view.IndexController.index(org.springframework.ui.Model,javax.servlet.http.HttpServletRequest)
2018-01-29 12:06:47,851  INFO RequestMappingHandlerMapping:543 - Mapped "{[/page],methods=[GET]}" onto public java.lang.String com.mjl.onestep.view.IndexController.page(org.springframework.ui.Model,javax.servlet.http.HttpServletRequest)
2018-01-29 12:06:47,854  INFO RequestMappingHandlerMapping:543 - Mapped "{[/v2/api-docs],methods=[GET],produces=[application/json || application/hal+json]}" onto public org.springframework.http.ResponseEntity<springfox.documentation.spring.web.json.Json> springfox.documentation.swagger2.web.Swagger2Controller.getDocumentation(java.lang.String,javax.servlet.http.HttpServletRequest)
2018-01-29 12:06:47,871  INFO RequestMappingHandlerMapping:543 - Mapped "{[/configuration/security]}" onto org.springframework.http.ResponseEntity<springfox.documentation.swagger.web.SecurityConfiguration> springfox.documentation.swagger.web.ApiResourceController.securityConfiguration()
2018-01-29 12:06:47,874  INFO RequestMappingHandlerMapping:543 - Mapped "{[/configuration/ui]}" onto org.springframework.http.ResponseEntity<springfox.documentation.swagger.web.UiConfiguration> springfox.documentation.swagger.web.ApiResourceController.uiConfiguration()
2018-01-29 12:06:47,876  INFO RequestMappingHandlerMapping:543 - Mapped "{[/swagger-resources]}" onto org.springframework.http.ResponseEntity<java.util.List<springfox.documentation.swagger.web.SwaggerResource>> springfox.documentation.swagger.web.ApiResourceController.swaggerResources()
2018-01-29 12:06:47,900  INFO RequestMappingHandlerMapping:543 - Mapped "{[/error]}" onto public org.springframework.http.ResponseEntity<java.util.Map<java.lang.String, java.lang.Object>> org.springframework.boot.autoconfigure.web.BasicErrorController.error(javax.servlet.http.HttpServletRequest)
2018-01-29 12:06:47,903  INFO RequestMappingHandlerMapping:543 - Mapped "{[/error],produces=[text/html]}" onto public org.springframework.web.servlet.ModelAndView org.springframework.boot.autoconfigure.web.BasicErrorController.errorHtml(javax.servlet.http.HttpServletRequest,javax.servlet.http.HttpServletResponse)
2018-01-29 12:06:48,432  INFO SimpleUrlHandlerMapping:362 - Mapped URL path [/static/**] onto handler of type [class org.springframework.web.servlet.resource.ResourceHttpRequestHandler]
2018-01-29 12:06:48,432  INFO SimpleUrlHandlerMapping:362 - Mapped URL path [/swagger-ui.html] onto handler of type [class org.springframework.web.servlet.resource.ResourceHttpRequestHandler]
2018-01-29 12:06:48,432  INFO SimpleUrlHandlerMapping:362 - Mapped URL path [/webjars/**] onto handler of type [class org.springframework.web.servlet.resource.ResourceHttpRequestHandler]
2018-01-29 12:06:48,592  INFO RequestMappingHandlerAdapter:534 - Looking for @ControllerAdvice: org.springframework.boot.context.embedded.AnnotationConfigEmbeddedWebApplicationContext@23260f2f: startup date [Mon Jan 29 12:06:17 CST 2018]; root of context hierarchy
2018-01-29 12:06:48,724  INFO ExceptionHandlerExceptionResolver:273 - Detected @ExceptionHandler methods in globalExceptionHandler
2018-01-29 12:06:51,031  INFO AnnotationMBeanExporter:431 - Registering beans for JMX exposure on startup
2018-01-29 12:06:51,075  INFO DocumentationPluginsBootstrapper:84 - Context refreshed
2018-01-29 12:06:51,122  INFO DocumentationPluginsBootstrapper:87 - Found 1 custom documentation plugin(s)
2018-01-29 12:06:51,143  INFO ApiListingReferenceScanner:44 - Scanning for api listing references
2018-01-29 12:06:51,282  WARN OperationImplicitParameterReader:88 - Coercing to be of type string. This may not even be a scalar type in actuality
2018-01-29 12:06:51,285  WARN OperationImplicitParameterReader:88 - Coercing to be of type string. This may not even be a scalar type in actuality
2018-01-29 12:06:51,285  WARN OperationImplicitParameterReader:88 - Coercing to be of type string. This may not even be a scalar type in actuality
2018-01-29 12:06:51,285  WARN OperationImplicitParameterReader:88 - Coercing to be of type string. This may not even be a scalar type in actuality
2018-01-29 12:06:51,286  WARN OperationImplicitParameterReader:88 - Coercing to be of type string. This may not even be a scalar type in actuality
2018-01-29 12:06:51,286  WARN OperationImplicitParameterReader:88 - Coercing to be of type string. This may not even be a scalar type in actuality
2018-01-29 12:06:51,340  WARN OperationImplicitParameterReader:88 - Coercing to be of type string. This may not even be a scalar type in actuality
2018-01-29 12:06:51,353  WARN OperationImplicitParameterReader:88 - Coercing to be of type string. This may not even be a scalar type in actuality
2018-01-29 12:06:51,353  WARN OperationImplicitParameterReader:88 - Coercing to be of type string. This may not even be a scalar type in actuality
2018-01-29 12:06:51,353  WARN OperationImplicitParameterReader:88 - Coercing to be of type string. This may not even be a scalar type in actuality
2018-01-29 12:06:51,354  WARN OperationImplicitParameterReader:88 - Coercing to be of type string. This may not even be a scalar type in actuality
2018-01-29 12:06:51,355  WARN OperationImplicitParameterReader:88 - Coercing to be of type string. This may not even be a scalar type in actuality
2018-01-29 12:06:51,355  WARN OperationImplicitParameterReader:88 - Coercing to be of type string. This may not even be a scalar type in actuality
2018-01-29 12:06:51,365  WARN OperationImplicitParameterReader:88 - Coercing to be of type string. This may not even be a scalar type in actuality
2018-01-29 12:06:51,387  WARN OperationImplicitParameterReader:88 - Coercing to be of type string. This may not even be a scalar type in actuality
2018-01-29 12:06:51,387  WARN OperationImplicitParameterReader:88 - Coercing to be of type string. This may not even be a scalar type in actuality
2018-01-29 12:06:51,387  WARN OperationImplicitParameterReader:88 - Coercing to be of type string. This may not even be a scalar type in actuality
2018-01-29 12:06:51,388  WARN OperationImplicitParameterReader:88 - Coercing to be of type string. This may not even be a scalar type in actuality
2018-01-29 12:06:51,388  WARN OperationImplicitParameterReader:88 - Coercing to be of type string. This may not even be a scalar type in actuality
2018-01-29 12:06:51,400  WARN OperationImplicitParameterReader:88 - Coercing to be of type string. This may not even be a scalar type in actuality
2018-01-29 12:06:51,401  WARN OperationImplicitParameterReader:88 - Coercing to be of type string. This may not even be a scalar type in actuality
2018-01-29 12:06:51,401  WARN OperationImplicitParameterReader:88 - Coercing to be of type string. This may not even be a scalar type in actuality
2018-01-29 12:06:51,401  WARN OperationImplicitParameterReader:88 - Coercing to be of type string. This may not even be a scalar type in actuality
2018-01-29 12:06:51,402  WARN OperationImplicitParameterReader:88 - Coercing to be of type string. This may not even be a scalar type in actuality
2018-01-29 12:06:51,412  WARN OperationImplicitParameterReader:88 - Coercing to be of type string. This may not even be a scalar type in actuality
2018-01-29 12:06:51,416  INFO CachingOperationNameGenerator:40 - Generating unique operation named: delStationUsingPOST_1
2018-01-29 12:06:51,424  WARN OperationImplicitParameterReader:88 - Coercing to be of type string. This may not even be a scalar type in actuality
2018-01-29 12:06:51,425  WARN OperationImplicitParameterReader:88 - Coercing to be of type string. This may not even be a scalar type in actuality
2018-01-29 12:06:51,425  WARN OperationImplicitParameterReader:88 - Coercing to be of type string. This may not even be a scalar type in actuality
2018-01-29 12:06:51,428  INFO CachingOperationNameGenerator:40 - Generating unique operation named: editStationUsingPOST_1
2018-01-29 12:06:51,437  WARN OperationImplicitParameterReader:88 - Coercing to be of type string. This may not even be a scalar type in actuality
2018-01-29 12:06:51,438  WARN OperationImplicitParameterReader:88 - Coercing to be of type string. This may not even be a scalar type in actuality
2018-01-29 12:06:51,438  WARN OperationImplicitParameterReader:88 - Coercing to be of type string. This may not even be a scalar type in actuality
2018-01-29 12:06:51,454  WARN OperationImplicitParameterReader:88 - Coercing to be of type string. This may not even be a scalar type in actuality
2018-01-29 12:06:51,454  WARN OperationImplicitParameterReader:88 - Coercing to be of type string. This may not even be a scalar type in actuality
2018-01-29 12:06:51,455  WARN OperationImplicitParameterReader:88 - Coercing to be of type string. This may not even be a scalar type in actuality
2018-01-29 12:06:51,455  WARN OperationImplicitParameterReader:88 - Coercing to be of type string. This may not even be a scalar type in actuality
2018-01-29 12:06:51,458  INFO CachingOperationNameGenerator:40 - Generating unique operation named: childrenMenuUsingPOST_1
2018-01-29 12:06:51,467  WARN OperationImplicitParameterReader:88 - Coercing to be of type string. This may not even be a scalar type in actuality
2018-01-29 12:06:51,471  INFO CachingOperationNameGenerator:40 - Generating unique operation named: delStationUsingPOST_2
2018-01-29 12:06:51,483  WARN OperationImplicitParameterReader:88 - Coercing to be of type string. This may not even be a scalar type in actuality
2018-01-29 12:06:51,483  WARN OperationImplicitParameterReader:88 - Coercing to be of type string. This may not even be a scalar type in actuality
2018-01-29 12:06:51,484  WARN OperationImplicitParameterReader:88 - Coercing to be of type string. This may not even be a scalar type in actuality
2018-01-29 12:06:51,485  WARN OperationImplicitParameterReader:88 - Coercing to be of type string. This may not even be a scalar type in actuality
2018-01-29 12:06:51,488  INFO CachingOperationNameGenerator:40 - Generating unique operation named: editStationUsingPOST_2
2018-01-29 12:06:51,499  WARN OperationImplicitParameterReader:88 - Coercing to be of type string. This may not even be a scalar type in actuality
2018-01-29 12:06:51,499  WARN OperationImplicitParameterReader:88 - Coercing to be of type string. This may not even be a scalar type in actuality
2018-01-29 12:06:51,517  INFO CachingOperationNameGenerator:40 - Generating unique operation named: editStationUsingPOST_3
2018-01-29 12:06:51,579  WARN OperationImplicitParameterReader:88 - Coercing to be of type string. This may not even be a scalar type in actuality
2018-01-29 12:06:51,580  WARN OperationImplicitParameterReader:88 - Coercing to be of type string. This may not even be a scalar type in actuality
2018-01-29 12:06:51,583  INFO CachingOperationNameGenerator:40 - Generating unique operation named: listUsingPOST_1
2018-01-29 12:06:51,606  WARN OperationImplicitParameterReader:88 - Coercing to be of type string. This may not even be a scalar type in actuality
2018-01-29 12:06:51,607  WARN OperationImplicitParameterReader:88 - Coercing to be of type string. This may not even be a scalar type in actuality
2018-01-29 12:06:51,607  WARN OperationImplicitParameterReader:88 - Coercing to be of type string. This may not even be a scalar type in actuality
2018-01-29 12:06:51,608  WARN OperationImplicitParameterReader:88 - Coercing to be of type string. This may not even be a scalar type in actuality
2018-01-29 12:06:51,608  WARN OperationImplicitParameterReader:88 - Coercing to be of type string. This may not even be a scalar type in actuality
2018-01-29 12:06:51,608  WARN OperationImplicitParameterReader:88 - Coercing to be of type string. This may not even be a scalar type in actuality
2018-01-29 12:06:51,611  INFO CachingOperationNameGenerator:40 - Generating unique operation named: listUsingPOST_2
2018-01-29 12:06:51,628  WARN OperationImplicitParameterReader:88 - Coercing to be of type string. This may not even be a scalar type in actuality
2018-01-29 12:06:51,642  WARN OperationImplicitParameterReader:88 - Coercing to be of type string. This may not even be a scalar type in actuality
2018-01-29 12:06:51,642  WARN OperationImplicitParameterReader:88 - Coercing to be of type string. This may not even be a scalar type in actuality
2018-01-29 12:06:51,662  WARN OperationImplicitParameterReader:88 - Coercing to be of type string. This may not even be a scalar type in actuality
2018-01-29 12:06:51,662  WARN OperationImplicitParameterReader:88 - Coercing to be of type string. This may not even be a scalar type in actuality
2018-01-29 12:06:51,662  WARN OperationImplicitParameterReader:88 - Coercing to be of type string. This may not even be a scalar type in actuality
2018-01-29 12:06:51,682  WARN OperationImplicitParameterReader:88 - Coercing to be of type string. This may not even be a scalar type in actuality
2018-01-29 12:06:51,682  WARN OperationImplicitParameterReader:88 - Coercing to be of type string. This may not even be a scalar type in actuality
2018-01-29 12:06:51,683  WARN OperationImplicitParameterReader:88 - Coercing to be of type string. This may not even be a scalar type in actuality
2018-01-29 12:06:51,683  WARN OperationImplicitParameterReader:88 - Coercing to be of type string. This may not even be a scalar type in actuality
2018-01-29 12:06:51,683  WARN OperationImplicitParameterReader:88 - Coercing to be of type string. This may not even be a scalar type in actuality
2018-01-29 12:06:51,683  WARN OperationImplicitParameterReader:88 - Coercing to be of type string. This may not even be a scalar type in actuality
2018-01-29 12:06:51,684  WARN OperationImplicitParameterReader:88 - Coercing to be of type string. This may not even be a scalar type in actuality
2018-01-29 12:06:51,687  INFO CachingOperationNameGenerator:40 - Generating unique operation named: addUsingPOST_1
2018-01-29 12:06:51,696  WARN OperationImplicitParameterReader:88 - Coercing to be of type string. This may not even be a scalar type in actuality
2018-01-29 12:06:51,721  WARN OperationImplicitParameterReader:88 - Coercing to be of type string. This may not even be a scalar type in actuality
2018-01-29 12:06:51,725  INFO CachingOperationNameGenerator:40 - Generating unique operation named: childrenMenuUsingPOST_2
2018-01-29 12:06:51,735  WARN OperationImplicitParameterReader:88 - Coercing to be of type string. This may not even be a scalar type in actuality
2018-01-29 12:06:51,750  WARN OperationImplicitParameterReader:88 - Coercing to be of type string. This may not even be a scalar type in actuality
2018-01-29 12:06:51,751  WARN OperationImplicitParameterReader:88 - Coercing to be of type string. This may not even be a scalar type in actuality
2018-01-29 12:06:51,751  WARN OperationImplicitParameterReader:88 - Coercing to be of type string. This may not even be a scalar type in actuality
2018-01-29 12:06:51,751  WARN OperationImplicitParameterReader:88 - Coercing to be of type string. This may not even be a scalar type in actuality
2018-01-29 12:06:51,752  WARN OperationImplicitParameterReader:88 - Coercing to be of type string. This may not even be a scalar type in actuality
2018-01-29 12:06:51,752  WARN OperationImplicitParameterReader:88 - Coercing to be of type string. This may not even be a scalar type in actuality
2018-01-29 12:06:51,752  WARN OperationImplicitParameterReader:88 - Coercing to be of type string. This may not even be a scalar type in actuality
2018-01-29 12:06:51,774  WARN OperationImplicitParameterReader:88 - Coercing to be of type string. This may not even be a scalar type in actuality
2018-01-29 12:06:51,790  INFO CachingOperationNameGenerator:40 - Generating unique operation named: mainMenuUsingPOST_1
2018-01-29 12:06:51,804  WARN OperationImplicitParameterReader:88 - Coercing to be of type string. This may not even be a scalar type in actuality
2018-01-29 12:06:51,807  INFO CachingOperationNameGenerator:40 - Generating unique operation named: addUsingPOST_2
2018-01-29 12:06:51,814  WARN OperationImplicitParameterReader:88 - Coercing to be of type string. This may not even be a scalar type in actuality
2018-01-29 12:06:51,819  INFO CachingOperationNameGenerator:40 - Generating unique operation named: delUsingPOST_1
2018-01-29 12:06:51,829  WARN OperationImplicitParameterReader:88 - Coercing to be of type string. This may not even be a scalar type in actuality
2018-01-29 12:06:51,830  WARN OperationImplicitParameterReader:88 - Coercing to be of type string. This may not even be a scalar type in actuality
2018-01-29 12:06:51,833  INFO CachingOperationNameGenerator:40 - Generating unique operation named: editUsingPOST_1
2018-01-29 12:06:51,841  WARN OperationImplicitParameterReader:88 - Coercing to be of type string. This may not even be a scalar type in actuality
2018-01-29 12:06:51,844  INFO CachingOperationNameGenerator:40 - Generating unique operation named: editUsingPOST_2
2018-01-29 12:06:51,852  WARN OperationImplicitParameterReader:88 - Coercing to be of type string. This may not even be a scalar type in actuality
2018-01-29 12:06:51,853  WARN OperationImplicitParameterReader:88 - Coercing to be of type string. This may not even be a scalar type in actuality
2018-01-29 12:06:51,856  INFO CachingOperationNameGenerator:40 - Generating unique operation named: listUsingPOST_3
2018-01-29 12:06:51,865  WARN OperationImplicitParameterReader:88 - Coercing to be of type string. This may not even be a scalar type in actuality
2018-01-29 12:06:51,865  WARN OperationImplicitParameterReader:88 - Coercing to be of type string. This may not even be a scalar type in actuality
2018-01-29 12:06:51,879  WARN OperationImplicitParameterReader:88 - Coercing to be of type string. This may not even be a scalar type in actuality
2018-01-29 12:06:51,879  WARN OperationImplicitParameterReader:88 - Coercing to be of type string. This may not even be a scalar type in actuality
2018-01-29 12:06:51,883  INFO CachingOperationNameGenerator:40 - Generating unique operation named: childrenMenuUsingPOST_3
2018-01-29 12:06:51,894  WARN OperationImplicitParameterReader:88 - Coercing to be of type string. This may not even be a scalar type in actuality
2018-01-29 12:06:51,897  INFO CachingOperationNameGenerator:40 - Generating unique operation named: delStationUsingPOST_3
2018-01-29 12:06:51,909  WARN OperationImplicitParameterReader:88 - Coercing to be of type string. This may not even be a scalar type in actuality
2018-01-29 12:06:51,910  WARN OperationImplicitParameterReader:88 - Coercing to be of type string. This may not even be a scalar type in actuality
2018-01-29 12:06:51,910  WARN OperationImplicitParameterReader:88 - Coercing to be of type string. This may not even be a scalar type in actuality
2018-01-29 12:06:51,911  WARN OperationImplicitParameterReader:88 - Coercing to be of type string. This may not even be a scalar type in actuality
2018-01-29 12:06:51,914  INFO CachingOperationNameGenerator:40 - Generating unique operation named: editStationUsingPOST_4
2018-01-29 12:06:51,921  WARN OperationImplicitParameterReader:88 - Coercing to be of type string. This may not even be a scalar type in actuality
2018-01-29 12:06:51,922  WARN OperationImplicitParameterReader:88 - Coercing to be of type string. This may not even be a scalar type in actuality
2018-01-29 12:06:51,931  INFO CachingOperationNameGenerator:40 - Generating unique operation named: listUsingPOST_4
2018-01-29 12:06:51,944  WARN OperationImplicitParameterReader:88 - Coercing to be of type string. This may not even be a scalar type in actuality
2018-01-29 12:06:51,944  WARN OperationImplicitParameterReader:88 - Coercing to be of type string. This may not even be a scalar type in actuality
2018-01-29 12:06:51,944  WARN OperationImplicitParameterReader:88 - Coercing to be of type string. This may not even be a scalar type in actuality
2018-01-29 12:06:51,947  INFO CachingOperationNameGenerator:40 - Generating unique operation named: addUsingPOST_3
2018-01-29 12:06:51,955  WARN OperationImplicitParameterReader:88 - Coercing to be of type string. This may not even be a scalar type in actuality
2018-01-29 12:06:51,958  INFO CachingOperationNameGenerator:40 - Generating unique operation named: delUsingPOST_2
2018-01-29 12:06:51,966  WARN OperationImplicitParameterReader:88 - Coercing to be of type string. This may not even be a scalar type in actuality
2018-01-29 12:06:51,966  WARN OperationImplicitParameterReader:88 - Coercing to be of type string. This may not even be a scalar type in actuality
2018-01-29 12:06:51,969  INFO CachingOperationNameGenerator:40 - Generating unique operation named: editUsingPOST_3
2018-01-29 12:06:51,984  WARN OperationImplicitParameterReader:88 - Coercing to be of type string. This may not even be a scalar type in actuality
2018-01-29 12:06:51,984  WARN OperationImplicitParameterReader:88 - Coercing to be of type string. This may not even be a scalar type in actuality
2018-01-29 12:06:51,991  INFO CachingOperationNameGenerator:40 - Generating unique operation named: listUsingPOST_5
2018-01-29 12:06:52,000  WARN OperationImplicitParameterReader:88 - Coercing to be of type string. This may not even be a scalar type in actuality
2018-01-29 12:06:52,000  WARN OperationImplicitParameterReader:88 - Coercing to be of type string. This may not even be a scalar type in actuality
2018-01-29 12:06:52,020  WARN OperationImplicitParameterReader:88 - Coercing to be of type string. This may not even be a scalar type in actuality
2018-01-29 12:06:52,021  WARN OperationImplicitParameterReader:88 - Coercing to be of type string. This may not even be a scalar type in actuality
2018-01-29 12:06:52,021  WARN OperationImplicitParameterReader:88 - Coercing to be of type string. This may not even be a scalar type in actuality
2018-01-29 12:06:52,021  WARN OperationImplicitParameterReader:88 - Coercing to be of type string. This may not even be a scalar type in actuality
2018-01-29 12:06:52,022  WARN OperationImplicitParameterReader:88 - Coercing to be of type string. This may not even be a scalar type in actuality
2018-01-29 12:06:52,025  INFO CachingOperationNameGenerator:40 - Generating unique operation named: addUsingPOST_4
2018-01-29 12:06:52,035  WARN OperationImplicitParameterReader:88 - Coercing to be of type string. This may not even be a scalar type in actuality
2018-01-29 12:06:52,038  INFO CachingOperationNameGenerator:40 - Generating unique operation named: delStationUsingPOST_4
2018-01-29 12:06:52,048  WARN OperationImplicitParameterReader:88 - Coercing to be of type string. This may not even be a scalar type in actuality
2018-01-29 12:06:52,049  WARN OperationImplicitParameterReader:88 - Coercing to be of type string. This may not even be a scalar type in actuality
2018-01-29 12:06:52,049  WARN OperationImplicitParameterReader:88 - Coercing to be of type string. This may not even be a scalar type in actuality
2018-01-29 12:06:52,049  WARN OperationImplicitParameterReader:88 - Coercing to be of type string. This may not even be a scalar type in actuality
2018-01-29 12:06:52,049  WARN OperationImplicitParameterReader:88 - Coercing to be of type string. This may not even be a scalar type in actuality
2018-01-29 12:06:52,053  INFO CachingOperationNameGenerator:40 - Generating unique operation named: editUsingPOST_4
2018-01-29 12:06:52,063  WARN OperationImplicitParameterReader:88 - Coercing to be of type string. This may not even be a scalar type in actuality
2018-01-29 12:06:52,063  WARN OperationImplicitParameterReader:88 - Coercing to be of type string. This may not even be a scalar type in actuality
2018-01-29 12:06:52,074  WARN OperationImplicitParameterReader:88 - Coercing to be of type string. This may not even be a scalar type in actuality
2018-01-29 12:06:52,075  WARN OperationImplicitParameterReader:88 - Coercing to be of type string. This may not even be a scalar type in actuality
2018-01-29 12:06:52,089  WARN OperationImplicitParameterReader:88 - Coercing to be of type string. This may not even be a scalar type in actuality
2018-01-29 12:06:52,089  WARN OperationImplicitParameterReader:88 - Coercing to be of type string. This may not even be a scalar type in actuality
2018-01-29 12:06:52,090  WARN OperationImplicitParameterReader:88 - Coercing to be of type string. This may not even be a scalar type in actuality
2018-01-29 12:06:52,093  INFO CachingOperationNameGenerator:40 - Generating unique operation named: listUsingPOST_6
2018-01-29 12:06:52,100  WARN OperationImplicitParameterReader:88 - Coercing to be of type string. This may not even be a scalar type in actuality
2018-01-29 12:06:52,103  INFO CachingOperationNameGenerator:40 - Generating unique operation named: delStationUsingPOST_5
2018-01-29 12:06:52,109  WARN OperationImplicitParameterReader:88 - Coercing to be of type string. This may not even be a scalar type in actuality
2018-01-29 12:06:52,110  WARN OperationImplicitParameterReader:88 - Coercing to be of type string. This may not even be a scalar type in actuality
2018-01-29 12:06:52,112  INFO CachingOperationNameGenerator:40 - Generating unique operation named: editStationUsingPOST_5
2018-01-29 12:06:52,119  WARN OperationImplicitParameterReader:88 - Coercing to be of type string. This may not even be a scalar type in actuality
2018-01-29 12:06:52,119  WARN OperationImplicitParameterReader:88 - Coercing to be of type string. This may not even be a scalar type in actuality
2018-01-29 12:06:52,121  INFO CachingOperationNameGenerator:40 - Generating unique operation named: mainMenuUsingPOST_2
2018-01-29 12:06:52,224  INFO TomcatEmbeddedServletContainer:201 - Tomcat started on port(s): 80 (http)
2018-01-29 12:06:52,234  INFO SocketIOServer:130 - Session store / pubsub factory used: MemoryStoreFactory (local session store only)
2018-01-29 12:06:52,638  INFO SocketIOServer:155 - SocketIO server started at port: 8081
2018-01-29 12:06:52,640  INFO ApplicationConfig:57 - Started ApplicationConfig in 35.783 seconds (JVM running for 36.345)
2018-01-29 12:07:06,729  INFO DispatcherServlet:489 - FrameworkServlet 'dispatcherServlet': initialization started
2018-01-29 12:07:06,796  INFO DispatcherServlet:508 - FrameworkServlet 'dispatcherServlet': initialization completed in 67 ms
2018-01-29 12:07:06,886  INFO TemplateEngine:825 - [THYMELEAF] INITIALIZING TEMPLATE ENGINE
2018-01-29 12:07:06,957  INFO AbstractTemplateResolver:99 - [THYMELEAF] INITIALIZING TEMPLATE RESOLVER: org.thymeleaf.spring4.templateresolver.SpringResourceTemplateResolver
2018-01-29 12:07:06,958  INFO AbstractTemplateResolver:110 - [THYMELEAF] TEMPLATE RESOLVER INITIALIZED OK
2018-01-29 12:07:06,958  INFO AbstractMessageResolver:72 - [THYMELEAF] INITIALIZING MESSAGE RESOLVER: org.thymeleaf.spring4.messageresolver.SpringMessageResolver
2018-01-29 12:07:06,958  INFO AbstractMessageResolver:78 - [THYMELEAF] MESSAGE RESOLVER INITIALIZED OK
2018-01-29 12:07:06,963  INFO CONFIG:123 - [THYMELEAF] TEMPLATE ENGINE CONFIGURATION:
[THYMELEAF] * Cache Factory implementation: org.thymeleaf.cache.StandardCacheManager
[THYMELEAF] * Template modes:
[THYMELEAF]     * HTML5
[THYMELEAF]     * XHTML
[THYMELEAF]     * VALIDXML
[THYMELEAF]     * VALIDXHTML
[THYMELEAF]     * XML
[THYMELEAF]     * LEGACYHTML5
[THYMELEAF] * Template resolvers (in order):
[THYMELEAF]     * org.thymeleaf.spring4.templateresolver.SpringResourceTemplateResolver
[THYMELEAF] * Message resolvers (in order):
[THYMELEAF]     * org.thymeleaf.spring4.messageresolver.SpringMessageResolver
[THYMELEAF] * Dialect [1 of 2]: org.thymeleaf.spring4.dialect.SpringStandardDialect
[THYMELEAF]     * Prefix: "th"
[THYMELEAF] * Dialect [2 of 2]: nz.net.ultraq.thymeleaf.LayoutDialect
[THYMELEAF]     * Prefix: "layout"
[THYMELEAF] TEMPLATE ENGINE CONFIGURED OK
2018-01-29 12:07:06,964  INFO TemplateEngine:838 - [THYMELEAF] TEMPLATE ENGINE INITIALIZED
2018-01-29 12:07:07,513  WARN PageNotFound:1176 - No mapping found for HTTP request with URI [/favicon.ico] in DispatcherServlet with name 'dispatcherServlet'
2018-01-29 12:07:07,992  WARN PageNotFound:1176 - No mapping found for HTTP request with URI [/undefined] in DispatcherServlet with name 'dispatcherServlet'
2018-01-29 12:07:11,742  WARN PageNotFound:1176 - No mapping found for HTTP request with URI [/undefined] in DispatcherServlet with name 'dispatcherServlet'
2018-01-29 12:08:16,591  WARN PageNotFound:1176 - No mapping found for HTTP request with URI [/undefined] in DispatcherServlet with name 'dispatcherServlet'
2018-01-29 12:10:31,038  WARN PageNotFound:1176 - No mapping found for HTTP request with URI [/undefined] in DispatcherServlet with name 'dispatcherServlet'
2018-01-29 12:41:58,369  WARN PageNotFound:1176 - No mapping found for HTTP request with URI [/undefined] in DispatcherServlet with name 'dispatcherServlet'
2018-01-29 12:41:58,632  WARN PageNotFound:1176 - No mapping found for HTTP request with URI [/favicon.ico] in DispatcherServlet with name 'dispatcherServlet'
2018-01-29 12:43:29,365  WARN PageNotFound:1176 - No mapping found for HTTP request with URI [/undefined] in DispatcherServlet with name 'dispatcherServlet'
2018-01-29 12:43:48,814  WARN PageNotFound:1176 - No mapping found for HTTP request with URI [/undefined] in DispatcherServlet with name 'dispatcherServlet'
